{"level":"error","ts":1697538261.412495,"msg":"User '' failed to login"}
{"level":"error","ts":1697538263.6620102,"msg":"User '' failed to login"}
{"level":"error","ts":1697538264.2320356,"msg":"User '' failed to login"}
{"level":"error","ts":1697538265.8017151,"msg":"User 'aq' failed to login"}
{"level":"info","ts":1698140686.4169536,"msg":"User 'ortizaad1994@gmail.com' recovered password","path":"/auth/get-recovery-link"}
{"level":"info","ts":1698140723.6579967,"msg":"User '' recovered password","path":"/auth/recover-password/"}
{"level":"info","ts":1698142192.1143992,"msg":"User 'ortizaad1994@gmail.com' recovered password","path":"/auth/get-recovery-link"}
{"level":"info","ts":1698142345.433561,"msg":"User 'ortizaad1994@gmail.com' recovered password","path":"/auth/get-recovery-link"}
{"level":"info","ts":1698142364.949367,"msg":"User 'admin@gmail.com' recovered password","path":"/auth/get-recovery-link"}
{"level":"info","ts":1698142519.7852492,"msg":"User 'ortizaad1994@gmail.com' authenticated sucessfully!"}
{"level":"info","ts":1698142687.6313949,"msg":"User 'ortizaad1994@gmail.com' logged out"}
{"level":"info","ts":1698142695.6540234,"msg":"User 'ortizaad1994@gmail.com' recovered password","path":"/auth/get-recovery-link"}
{"level":"info","ts":1698142839.448223,"msg":"User 'ortizaad1994@gmail.com' recovered password","path":"/auth/get-recovery-link"}
{"level":"error","ts":1698143224.0596387,"msg":"Authentication failed at: /auth/recover-password/Yz69tdS7quELrqOUl9G7Qau0e6y8tEyxb0QGmrMUe3Bl6eUCxu_tSHi2RR8M9w7kQhmFNkGo80j6yCkYhVr8EcqaK1kpjmPpY83mdZTPRD3dgSP71Jl-DuJ3Cp68yscBwpAduQ"}
{"level":"error","ts":1698143235.6071541,"msg":"Authentication failed at: /image/logo.png"}
{"level":"info","ts":1698143410.0097148,"msg":"User 'ortizaad1994@gmail.com' recovered password","path":"/auth/get-recovery-link"}
{"level":"error","ts":1698143410.0381505,"msg":"Authentication failed at: /image/golang-logo.png"}
{"level":"error","ts":1698143447.7172027,"msg":"Authentication failed at: /image/golang-logo.png"}
{"level":"info","ts":1698143453.947837,"msg":"User 'ortizaad1994@gmail.com' recovered password","path":"/auth/get-recovery-link"}
{"level":"error","ts":1698143453.9648983,"msg":"Authentication failed at: /image/golang-logo.png"}
{"level":"error","ts":1698143464.283846,"msg":"Authentication failed at: /auth/recover-password/Yz69tdS7quELrqOUl9G7Qau0e6y8tEyxb0QGmrMUe3Bl6eUCxu_tSHi2RR8M9w7kQhmFNkGo80j6yCkYhVr8EcqaK1kpjmPpY83mdZTPRD3dgSP71Jl-DuJ3Cp68yscBwpAduQ"}
{"level":"error","ts":1698143464.306101,"msg":"Authentication failed at: /image/golang-logo.png"}
{"level":"error","ts":1698143478.3715339,"msg":"Authentication failed at: /image/golang-logo.png"}
{"level":"error","ts":1698143485.5680065,"msg":"User 'ortizaad1994@gmil.com' failed to login"}
{"level":"error","ts":1698143485.5907438,"msg":"Authentication failed at: /image/golang-logo.png"}
{"level":"error","ts":1698143525.6502728,"msg":"Authentication failed at: /image/golang-logo.png"}
{"level":"info","ts":1698143536.5137038,"msg":"User 'ortizaad1994@gmail.com' recovered password","path":"/auth/get-recovery-link"}
{"level":"error","ts":1698143536.5396943,"msg":"Authentication failed at: /image/golang-logo.png"}
{"level":"error","ts":1698143638.2731578,"msg":"Authentication failed at: /image/golang-logo.png"}
{"level":"info","ts":1698143657.798167,"msg":"User 'ortizaad1994@gmail.com' recovered password","path":"/auth/recover-password/Yz69tdS7quELrqOUl9G7Qau0e6y8tEyxb0QGmrMUe3Bl6eUCxu_tSHi2RR8M9w7kQhmFNkGo80j6yCkYhVr8EcqaK1kpjmPpY83mdZTPRD3dgSP71Jl-DuJ3Cp68yscBwpAduQ"}
{"level":"error","ts":1698143657.8303454,"msg":"Authentication failed at: /image/golang-logo.png"}
{"level":"info","ts":1698143665.1261618,"msg":"User 'ortizaad1994@gmail.com' authenticated sucessfully!"}
{"level":"info","ts":1698143667.086656,"msg":"User 'ortizaad1994@gmail.com' logged out"}
{"level":"error","ts":1698143667.1179433,"msg":"Authentication failed at: /image/golang-logo.png"}
{"level":"error","ts":1698143668.4947681,"msg":"Authentication failed at: /image/golang-logo.png"}
{"level":"info","ts":1698143679.2756975,"msg":"User 'ortizaad1994@gmail.com' recovered password","path":"/auth/get-recovery-link"}
{"level":"error","ts":1698143679.3049207,"msg":"Authentication failed at: /image/golang-logo.png"}
{"level":"info","ts":1698144350.9485805,"msg":"User 'ortizaad1994@gmail.com' recovered password","path":"/auth/get-recovery-link"}
{"level":"error","ts":1698144350.9764404,"msg":"Authentication failed at: /image/golang-logo.png"}
{"level":"info","ts":1698144532.388478,"msg":"User 'ortizaad1994@gmail.com' recovered password","path":"/auth/get-recovery-link"}
{"level":"error","ts":1698144532.4152303,"msg":"Authentication failed at: /image/golang-logo.png"}
{"level":"error","ts":1698144550.8937843,"msg":"Authentication failed at: /image/golang-logo.png"}
{"level":"info","ts":1698144574.0322247,"msg":"User 'ortizaad1994@gmail.com' recovered password","path":"/auth/recover-password/VaPRmbV1A2N-6z3ccRQXuVOr-GyJI_9tK8Avs7KQkxjpzOqR4x-OX7wW1g1a3meJvs3Tvd_HimYOovvmN-xjxw0m3jTKsz0TAgruGHPOGTtrFigSkuRBCIUT0IA99LtdtUDU1Q"}
{"level":"error","ts":1698144574.0633075,"msg":"Authentication failed at: /image/golang-logo.png"}
{"level":"info","ts":1698144579.2871654,"msg":"User 'ortizaad1994@gmail.com' authenticated sucessfully!"}
{"level":"error","ts":1698144765.2922392,"msg":"Authentication failed at: /image/golang-logo.png"}
{"level":"error","ts":1698144810.5015075,"msg":"Authentication failed at: /image/golang-logo.png"}
{"level":"error","ts":1698144811.1457157,"msg":"Authentication failed at: /image/golang-logo.png"}
{"level":"error","ts":1698144811.5861511,"msg":"Authentication failed at: /image/golang-logo.png"}
{"level":"error","ts":1698144811.8201919,"msg":"Authentication failed at: /image/golang-logo.png"}
{"level":"error","ts":1698144982.5798001,"msg":"Authentication failed at: /image/golang-logo.png"}
{"level":"error","ts":1698145250.2630413,"msg":"Authentication failed at: /image/golang-logo.png"}
{"level":"error","ts":1698145284.6628308,"msg":"Authentication failed at: /image/golang-logo.png"}
{"level":"error","ts":1698145287.467556,"msg":"Authentication failed at: /image/golang-logo.png"}
{"level":"error","ts":1698146713.7438538,"msg":"Authentication failed at: /image/golang-logo.png"}
{"level":"info","ts":1698146758.3795342,"msg":"User 'ortizaad1994@gmail.com' recovered password","path":"/auth/get-recovery-link"}
{"level":"error","ts":1698146758.4141839,"msg":"Authentication failed at: /image/golang-logo.png"}
